<?xml version="1.0" encoding="UTF-8"?>
<testng-results skipped="0" failed="0" ignored="0" total="1" passed="1">
  <reporter-output>
  </reporter-output>
  <suite name="Default suite" duration-ms="88" started-at="2021-12-28T19:50:32 IST" finished-at="2021-12-28T19:50:32 IST">
    <groups>
    </groups>
    <test name="Default test" duration-ms="88" started-at="2021-12-28T19:50:32 IST" finished-at="2021-12-28T19:50:32 IST">
      <class name="com.testng.Soft_Assert_Concept">
        <test-method status="PASS" signature="demo_Username()[pri:0, instance:com.testng.Soft_Assert_Concept@58c1670b]" name="demo_Username" duration-ms="16" started-at="2021-12-28T19:50:32 IST" finished-at="2021-12-28T19:50:32 IST">
          <reporter-output>
          </reporter-output>
        </test-method> <!-- demo_Username -->
      </class> <!-- com.testng.Soft_Assert_Concept -->
    </test> <!-- Default test -->
  </suite> <!-- Default suite -->
</testng-results>
